# JRE version: Java(TM) SE Runtime Environment (16.0.1+9) (build 16.0.1+9-24)
# Java VM: Java HotSpot(TM) 64-Bit Server VM (16.0.1+9-24, mixed mode, sharing, tiered, compressed oops, compressed class ptrs, g1 gc, windows-amd64)
GC Precious Log:
 CPUs: 4 total, 4 available
 Memory: 8083M
 Large Page Support: Disabled
 NUMA Support: Disabled
 Compressed Oops: Enabled (32-bit)
 Heap Region Size: 1M
 Heap Min Capacity: 8M
 Heap Initial Capacity: 128M
 Heap Max Capacity: 2022M
 Pre-touch: Disabled
 Parallel Workers: 4
 Concurrent Workers: 1
 Concurrent Refinement Workers: 4
 Periodic GC: Disabled
Heap:
 garbage-first heap   total 131072K, used 53956K [0x0000000081a00000, 0x0000000100000000)
  region size 1024K, 48 young (49152K), 5 survivors (5120K)
 Metaspace       used 19010K, committed 19264K, reserved 1073152K
  class space    used 2565K, committed 2688K, reserved 1048576K
GC Heap History (8 events):
Event: 0.777 GC heap before
{Heap before GC invocations=0 (full 0):
 garbage-first heap   total 131072K, used 13312K [0x0000000081a00000, 0x0000000100000000)
  region size 1024K, 13 young (13312K), 0 survivors (0K)
 Metaspace       used 4227K, committed 4480K, reserved 1056768K
  class space    used 510K, committed 640K, reserved 1048576K
}
Event: 0.783 GC heap after
{Heap after GC invocations=1 (full 0):
 garbage-first heap   total 131072K, used 7100K [0x0000000081a00000, 0x0000000100000000)
  region size 1024K, 2 young (2048K), 2 survivors (2048K)
 Metaspace       used 4227K, committed 4480K, reserved 1056768K
  class space    used 510K, committed 640K, reserved 1048576K
}
Event: 1.010 GC heap before
{Heap before GC invocations=1 (full 0):
 garbage-first heap   total 131072K, used 16316K [0x0000000081a00000, 0x0000000100000000)
  region size 1024K, 12 young (12288K), 2 survivors (2048K)
 Metaspace       used 6864K, committed 7104K, reserved 1056768K
  class space    used 850K, committed 960K, reserved 1048576K
}
Event: 1.015 GC heap after
{Heap after GC invocations=2 (full 0):
 garbage-first heap   total 131072K, used 8589K [0x0000000081a00000, 0x0000000100000000)
  region size 1024K, 2 young (2048K), 2 survivors (2048K)
 Metaspace       used 6864K, committed 7104K, reserved 1056768K
  class space    used 850K, committed 960K, reserved 1048576K
}
Event: 1.083 GC heap before
{Heap before GC invocations=2 (full 0):
 garbage-first heap   total 131072K, used 27021K [0x0000000081a00000, 0x0000000100000000)
  region size 1024K, 21 young (21504K), 2 survivors (2048K)
 Metaspace       used 7398K, committed 7616K, reserved 1056768K
  class space    used 921K, committed 1024K, reserved 1048576K
}
Event: 1.086 GC heap after
{Heap after GC invocations=3 (full 0):
 garbage-first heap   total 131072K, used 8887K [0x0000000081a00000, 0x0000000100000000)
  region size 1024K, 2 young (2048K), 2 survivors (2048K)
 Metaspace       used 7398K, committed 7616K, reserved 1056768K
  class space    used 921K, committed 1024K, reserved 1048576K
}
Event: 1.997 GC heap before
{Heap before GC invocations=3 (full 0):
 garbage-first heap   total 131072K, used 83639K [0x0000000081a00000, 0x0000000100000000)
  region size 1024K, 76 young (77824K), 2 survivors (2048K)
 Metaspace       used 16733K, committed 17088K, reserved 1064960K
  class space    used 2348K, committed 2496K, reserved 1048576K
}
Event: 2.005 GC heap after
{Heap after GC invocations=4 (full 0):
 garbage-first heap   total 131072K, used 11972K [0x0000000081a00000, 0x0000000100000000)
  region size 1024K, 5 young (5120K), 5 survivors (5120K)
 Metaspace       used 16733K, committed 17088K, reserved 1064960K
  class space    used 2348K, committed 2496K, reserved 1048576K
}

